<?xml version="1.0" encoding="UTF-8"?>
<testsuite xmlns:xsi="http://www.w3.org/2001/XMLSchema-instance" xsi:noNamespaceSchemaLocation="https://maven.apache.org/surefire/maven-surefire-plugin/xsd/surefire-test-report.xsd" name="TestSuite" time="19.574" tests="6" errors="0" skipped="5" failures="1">
  <properties>
    <property name="sun.desktop" value="windows"/>
    <property name="awt.toolkit" value="sun.awt.windows.WToolkit"/>
    <property name="java.specification.version" value="11"/>
    <property name="sun.cpu.isalist" value="amd64"/>
    <property name="sun.jnu.encoding" value="Cp1251"/>
    <property name="java.class.path" value="C:\Users\Denis\Desktop\Java\Java projects\AppiumAndroidTesting\target\test-classes;C:\Users\Denis\Desktop\Java\Java projects\AppiumAndroidTesting\target\classes;C:\Users\Denis\.m2\repository\org\testng\testng\7.3.0\testng-7.3.0.jar;C:\Users\Denis\.m2\repository\com\beust\jcommander\1.78\jcommander-1.78.jar;C:\Users\Denis\.m2\repository\org\apache\ant\ant\1.10.3\ant-1.10.3.jar;C:\Users\Denis\.m2\repository\org\apache\ant\ant-launcher\1.10.3\ant-launcher-1.10.3.jar;C:\Users\Denis\.m2\repository\junit\junit\4.12\junit-4.12.jar;C:\Users\Denis\.m2\repository\org\hamcrest\hamcrest-core\1.3\hamcrest-core-1.3.jar;C:\Users\Denis\.m2\repository\com\google\inject\guice\4.2.2\guice-4.2.2-no_aop.jar;C:\Users\Denis\.m2\repository\javax\inject\javax.inject\1\javax.inject-1.jar;C:\Users\Denis\.m2\repository\aopalliance\aopalliance\1.0\aopalliance-1.0.jar;C:\Users\Denis\.m2\repository\org\yaml\snakeyaml\1.21\snakeyaml-1.21.jar;C:\Users\Denis\.m2\repository\com\codeborne\selenide\5.16.2\selenide-5.16.2.jar;C:\Users\Denis\.m2\repository\org\seleniumhq\selenium\selenium-java\3.141.59\selenium-java-3.141.59.jar;C:\Users\Denis\.m2\repository\org\seleniumhq\selenium\selenium-chrome-driver\3.141.59\selenium-chrome-driver-3.141.59.jar;C:\Users\Denis\.m2\repository\org\seleniumhq\selenium\selenium-edge-driver\3.141.59\selenium-edge-driver-3.141.59.jar;C:\Users\Denis\.m2\repository\org\seleniumhq\selenium\selenium-firefox-driver\3.141.59\selenium-firefox-driver-3.141.59.jar;C:\Users\Denis\.m2\repository\org\seleniumhq\selenium\selenium-ie-driver\3.141.59\selenium-ie-driver-3.141.59.jar;C:\Users\Denis\.m2\repository\org\seleniumhq\selenium\selenium-opera-driver\3.141.59\selenium-opera-driver-3.141.59.jar;C:\Users\Denis\.m2\repository\org\seleniumhq\selenium\selenium-remote-driver\3.141.59\selenium-remote-driver-3.141.59.jar;C:\Users\Denis\.m2\repository\org\seleniumhq\selenium\selenium-safari-driver\3.141.59\selenium-safari-driver-3.141.59.jar;C:\Users\Denis\.m2\repository\org\apache\commons\commons-exec\1.3\commons-exec-1.3.jar;C:\Users\Denis\.m2\repository\com\squareup\okhttp3\okhttp\3.11.0\okhttp-3.11.0.jar;C:\Users\Denis\.m2\repository\com\squareup\okio\okio\1.14.0\okio-1.14.0.jar;C:\Users\Denis\.m2\repository\io\github\bonigarcia\webdrivermanager\4.2.2\webdrivermanager-4.2.2.jar;C:\Users\Denis\.m2\repository\org\jsoup\jsoup\1.13.1\jsoup-1.13.1.jar;C:\Users\Denis\.m2\repository\org\rauschig\jarchivelib\1.1.0\jarchivelib-1.1.0.jar;C:\Users\Denis\.m2\repository\org\apache\commons\commons-compress\1.20\commons-compress-1.20.jar;C:\Users\Denis\.m2\repository\org\apache\httpcomponents\client5\httpclient5\5.0.3\httpclient5-5.0.3.jar;C:\Users\Denis\.m2\repository\org\apache\httpcomponents\core5\httpcore5\5.0.2\httpcore5-5.0.2.jar;C:\Users\Denis\.m2\repository\commons-codec\commons-codec\1.13\commons-codec-1.13.jar;C:\Users\Denis\.m2\repository\com\google\guava\guava\30.0-jre\guava-30.0-jre.jar;C:\Users\Denis\.m2\repository\com\google\guava\failureaccess\1.0.1\failureaccess-1.0.1.jar;C:\Users\Denis\.m2\repository\com\google\guava\listenablefuture\9999.0-empty-to-avoid-conflict-with-guava\listenablefuture-9999.0-empty-to-avoid-conflict-with-guava.jar;C:\Users\Denis\.m2\repository\com\google\code\findbugs\jsr305\3.0.2\jsr305-3.0.2.jar;C:\Users\Denis\.m2\repository\org\checkerframework\checker-qual\3.5.0\checker-qual-3.5.0.jar;C:\Users\Denis\.m2\repository\com\google\errorprone\error_prone_annotations\2.3.4\error_prone_annotations-2.3.4.jar;C:\Users\Denis\.m2\repository\com\google\j2objc\j2objc-annotations\1.3\j2objc-annotations-1.3.jar;C:\Users\Denis\.m2\repository\org\slf4j\slf4j-api\1.7.30\slf4j-api-1.7.30.jar;C:\Users\Denis\.m2\repository\io\appium\java-client\7.4.1\java-client-7.4.1.jar;C:\Users\Denis\.m2\repository\org\seleniumhq\selenium\selenium-support\3.141.59\selenium-support-3.141.59.jar;C:\Users\Denis\.m2\repository\net\bytebuddy\byte-buddy\1.8.15\byte-buddy-1.8.15.jar;C:\Users\Denis\.m2\repository\org\seleniumhq\selenium\selenium-api\3.141.59\selenium-api-3.141.59.jar;C:\Users\Denis\.m2\repository\com\google\code\gson\gson\2.8.6\gson-2.8.6.jar;C:\Users\Denis\.m2\repository\org\apache\httpcomponents\httpclient\4.5.13\httpclient-4.5.13.jar;C:\Users\Denis\.m2\repository\org\apache\httpcomponents\httpcore\4.4.13\httpcore-4.4.13.jar;C:\Users\Denis\.m2\repository\commons-logging\commons-logging\1.2\commons-logging-1.2.jar;C:\Users\Denis\.m2\repository\cglib\cglib\3.3.0\cglib-3.3.0.jar;C:\Users\Denis\.m2\repository\org\ow2\asm\asm\7.1\asm-7.1.jar;C:\Users\Denis\.m2\repository\commons-validator\commons-validator\1.7\commons-validator-1.7.jar;C:\Users\Denis\.m2\repository\commons-beanutils\commons-beanutils\1.9.4\commons-beanutils-1.9.4.jar;C:\Users\Denis\.m2\repository\commons-digester\commons-digester\2.1\commons-digester-2.1.jar;C:\Users\Denis\.m2\repository\commons-collections\commons-collections\3.2.2\commons-collections-3.2.2.jar;C:\Users\Denis\.m2\repository\org\apache\commons\commons-lang3\3.11\commons-lang3-3.11.jar;C:\Users\Denis\.m2\repository\commons-io\commons-io\2.8.0\commons-io-2.8.0.jar;C:\Users\Denis\.m2\repository\org\springframework\spring-context\5.3.1\spring-context-5.3.1.jar;C:\Users\Denis\.m2\repository\org\springframework\spring-aop\5.3.1\spring-aop-5.3.1.jar;C:\Users\Denis\.m2\repository\org\springframework\spring-beans\5.3.1\spring-beans-5.3.1.jar;C:\Users\Denis\.m2\repository\org\springframework\spring-core\5.3.1\spring-core-5.3.1.jar;C:\Users\Denis\.m2\repository\org\springframework\spring-jcl\5.3.1\spring-jcl-5.3.1.jar;C:\Users\Denis\.m2\repository\org\springframework\spring-expression\5.3.1\spring-expression-5.3.1.jar;C:\Users\Denis\.m2\repository\org\aspectj\aspectjweaver\1.9.6\aspectjweaver-1.9.6.jar;"/>
    <property name="java.vm.vendor" value="Amazon.com Inc."/>
    <property name="sun.arch.data.model" value="64"/>
    <property name="user.variant" value=""/>
    <property name="java.vendor.url" value="https://aws.amazon.com/corretto/"/>
    <property name="user.timezone" value="Europe/Helsinki"/>
    <property name="java.vm.specification.version" value="11"/>
    <property name="os.name" value="Windows 10"/>
    <property name="sun.java.launcher" value="SUN_STANDARD"/>
    <property name="user.country" value="RU"/>
    <property name="sun.boot.library.path" value="G:\Program Files (x86)\JDK\jdk11.0.6_10\bin"/>
    <property name="sun.java.command" value="C:\Users\Denis\AppData\Local\Temp\surefire15521973490091686808\surefirebooter14822192729328631751.jar C:\Users\Denis\AppData\Local\Temp\surefire15521973490091686808 2020-12-27T20-37-58_292-jvmRun1 surefire5443951253693419860tmp surefire_014754515509738223619tmp"/>
    <property name="jdk.debug" value="release"/>
    <property name="surefire.test.class.path" value="C:\Users\Denis\Desktop\Java\Java projects\AppiumAndroidTesting\target\test-classes;C:\Users\Denis\Desktop\Java\Java projects\AppiumAndroidTesting\target\classes;C:\Users\Denis\.m2\repository\org\testng\testng\7.3.0\testng-7.3.0.jar;C:\Users\Denis\.m2\repository\com\beust\jcommander\1.78\jcommander-1.78.jar;C:\Users\Denis\.m2\repository\org\apache\ant\ant\1.10.3\ant-1.10.3.jar;C:\Users\Denis\.m2\repository\org\apache\ant\ant-launcher\1.10.3\ant-launcher-1.10.3.jar;C:\Users\Denis\.m2\repository\junit\junit\4.12\junit-4.12.jar;C:\Users\Denis\.m2\repository\org\hamcrest\hamcrest-core\1.3\hamcrest-core-1.3.jar;C:\Users\Denis\.m2\repository\com\google\inject\guice\4.2.2\guice-4.2.2-no_aop.jar;C:\Users\Denis\.m2\repository\javax\inject\javax.inject\1\javax.inject-1.jar;C:\Users\Denis\.m2\repository\aopalliance\aopalliance\1.0\aopalliance-1.0.jar;C:\Users\Denis\.m2\repository\org\yaml\snakeyaml\1.21\snakeyaml-1.21.jar;C:\Users\Denis\.m2\repository\com\codeborne\selenide\5.16.2\selenide-5.16.2.jar;C:\Users\Denis\.m2\repository\org\seleniumhq\selenium\selenium-java\3.141.59\selenium-java-3.141.59.jar;C:\Users\Denis\.m2\repository\org\seleniumhq\selenium\selenium-chrome-driver\3.141.59\selenium-chrome-driver-3.141.59.jar;C:\Users\Denis\.m2\repository\org\seleniumhq\selenium\selenium-edge-driver\3.141.59\selenium-edge-driver-3.141.59.jar;C:\Users\Denis\.m2\repository\org\seleniumhq\selenium\selenium-firefox-driver\3.141.59\selenium-firefox-driver-3.141.59.jar;C:\Users\Denis\.m2\repository\org\seleniumhq\selenium\selenium-ie-driver\3.141.59\selenium-ie-driver-3.141.59.jar;C:\Users\Denis\.m2\repository\org\seleniumhq\selenium\selenium-opera-driver\3.141.59\selenium-opera-driver-3.141.59.jar;C:\Users\Denis\.m2\repository\org\seleniumhq\selenium\selenium-remote-driver\3.141.59\selenium-remote-driver-3.141.59.jar;C:\Users\Denis\.m2\repository\org\seleniumhq\selenium\selenium-safari-driver\3.141.59\selenium-safari-driver-3.141.59.jar;C:\Users\Denis\.m2\repository\org\apache\commons\commons-exec\1.3\commons-exec-1.3.jar;C:\Users\Denis\.m2\repository\com\squareup\okhttp3\okhttp\3.11.0\okhttp-3.11.0.jar;C:\Users\Denis\.m2\repository\com\squareup\okio\okio\1.14.0\okio-1.14.0.jar;C:\Users\Denis\.m2\repository\io\github\bonigarcia\webdrivermanager\4.2.2\webdrivermanager-4.2.2.jar;C:\Users\Denis\.m2\repository\org\jsoup\jsoup\1.13.1\jsoup-1.13.1.jar;C:\Users\Denis\.m2\repository\org\rauschig\jarchivelib\1.1.0\jarchivelib-1.1.0.jar;C:\Users\Denis\.m2\repository\org\apache\commons\commons-compress\1.20\commons-compress-1.20.jar;C:\Users\Denis\.m2\repository\org\apache\httpcomponents\client5\httpclient5\5.0.3\httpclient5-5.0.3.jar;C:\Users\Denis\.m2\repository\org\apache\httpcomponents\core5\httpcore5\5.0.2\httpcore5-5.0.2.jar;C:\Users\Denis\.m2\repository\commons-codec\commons-codec\1.13\commons-codec-1.13.jar;C:\Users\Denis\.m2\repository\com\google\guava\guava\30.0-jre\guava-30.0-jre.jar;C:\Users\Denis\.m2\repository\com\google\guava\failureaccess\1.0.1\failureaccess-1.0.1.jar;C:\Users\Denis\.m2\repository\com\google\guava\listenablefuture\9999.0-empty-to-avoid-conflict-with-guava\listenablefuture-9999.0-empty-to-avoid-conflict-with-guava.jar;C:\Users\Denis\.m2\repository\com\google\code\findbugs\jsr305\3.0.2\jsr305-3.0.2.jar;C:\Users\Denis\.m2\repository\org\checkerframework\checker-qual\3.5.0\checker-qual-3.5.0.jar;C:\Users\Denis\.m2\repository\com\google\errorprone\error_prone_annotations\2.3.4\error_prone_annotations-2.3.4.jar;C:\Users\Denis\.m2\repository\com\google\j2objc\j2objc-annotations\1.3\j2objc-annotations-1.3.jar;C:\Users\Denis\.m2\repository\org\slf4j\slf4j-api\1.7.30\slf4j-api-1.7.30.jar;C:\Users\Denis\.m2\repository\io\appium\java-client\7.4.1\java-client-7.4.1.jar;C:\Users\Denis\.m2\repository\org\seleniumhq\selenium\selenium-support\3.141.59\selenium-support-3.141.59.jar;C:\Users\Denis\.m2\repository\net\bytebuddy\byte-buddy\1.8.15\byte-buddy-1.8.15.jar;C:\Users\Denis\.m2\repository\org\seleniumhq\selenium\selenium-api\3.141.59\selenium-api-3.141.59.jar;C:\Users\Denis\.m2\repository\com\google\code\gson\gson\2.8.6\gson-2.8.6.jar;C:\Users\Denis\.m2\repository\org\apache\httpcomponents\httpclient\4.5.13\httpclient-4.5.13.jar;C:\Users\Denis\.m2\repository\org\apache\httpcomponents\httpcore\4.4.13\httpcore-4.4.13.jar;C:\Users\Denis\.m2\repository\commons-logging\commons-logging\1.2\commons-logging-1.2.jar;C:\Users\Denis\.m2\repository\cglib\cglib\3.3.0\cglib-3.3.0.jar;C:\Users\Denis\.m2\repository\org\ow2\asm\asm\7.1\asm-7.1.jar;C:\Users\Denis\.m2\repository\commons-validator\commons-validator\1.7\commons-validator-1.7.jar;C:\Users\Denis\.m2\repository\commons-beanutils\commons-beanutils\1.9.4\commons-beanutils-1.9.4.jar;C:\Users\Denis\.m2\repository\commons-digester\commons-digester\2.1\commons-digester-2.1.jar;C:\Users\Denis\.m2\repository\commons-collections\commons-collections\3.2.2\commons-collections-3.2.2.jar;C:\Users\Denis\.m2\repository\org\apache\commons\commons-lang3\3.11\commons-lang3-3.11.jar;C:\Users\Denis\.m2\repository\commons-io\commons-io\2.8.0\commons-io-2.8.0.jar;C:\Users\Denis\.m2\repository\org\springframework\spring-context\5.3.1\spring-context-5.3.1.jar;C:\Users\Denis\.m2\repository\org\springframework\spring-aop\5.3.1\spring-aop-5.3.1.jar;C:\Users\Denis\.m2\repository\org\springframework\spring-beans\5.3.1\spring-beans-5.3.1.jar;C:\Users\Denis\.m2\repository\org\springframework\spring-core\5.3.1\spring-core-5.3.1.jar;C:\Users\Denis\.m2\repository\org\springframework\spring-jcl\5.3.1\spring-jcl-5.3.1.jar;C:\Users\Denis\.m2\repository\org\springframework\spring-expression\5.3.1\spring-expression-5.3.1.jar;C:\Users\Denis\.m2\repository\org\aspectj\aspectjweaver\1.9.6\aspectjweaver-1.9.6.jar;"/>
    <property name="sun.cpu.endian" value="little"/>
    <property name="user.home" value="C:\Users\Denis"/>
    <property name="user.language" value="ru"/>
    <property name="java.specification.vendor" value="Oracle Corporation"/>
    <property name="java.version.date" value="2020-01-14"/>
    <property name="java.home" value="G:\Program Files (x86)\JDK\jdk11.0.6_10"/>
    <property name="file.separator" value="\"/>
    <property name="basedir" value="C:\Users\Denis\Desktop\Java\Java projects\AppiumAndroidTesting"/>
    <property name="java.vm.compressedOopsMode" value="Zero based"/>
    <property name="line.separator" value="&#10;"/>
    <property name="java.specification.name" value="Java Platform API Specification"/>
    <property name="java.vm.specification.vendor" value="Oracle Corporation"/>
    <property name="java.awt.graphicsenv" value="sun.awt.Win32GraphicsEnvironment"/>
    <property name="surefire.real.class.path" value="C:\Users\Denis\AppData\Local\Temp\surefire15521973490091686808\surefirebooter14822192729328631751.jar"/>
    <property name="user.script" value=""/>
    <property name="sun.management.compiler" value="HotSpot 64-Bit Tiered Compilers"/>
    <property name="java.runtime.version" value="11.0.6+10-LTS"/>
    <property name="user.name" value="Denis"/>
    <property name="path.separator" value=";"/>
    <property name="os.version" value="10.0"/>
    <property name="java.runtime.name" value="OpenJDK Runtime Environment"/>
    <property name="file.encoding" value="Cp1251"/>
    <property name="java.vm.name" value="OpenJDK 64-Bit Server VM"/>
    <property name="java.vendor.version" value="Corretto-11.0.6.10.1"/>
    <property name="localRepository" value="C:\Users\Denis\.m2\repository"/>
    <property name="java.vendor.url.bug" value="https://github.com/corretto/corretto-11/issues/"/>
    <property name="java.io.tmpdir" value="C:\Users\Denis\AppData\Local\Temp\"/>
    <property name="java.version" value="11.0.6"/>
    <property name="user.dir" value="C:\Users\Denis\Desktop\Java\Java projects\AppiumAndroidTesting"/>
    <property name="os.arch" value="amd64"/>
    <property name="java.vm.specification.name" value="Java Virtual Machine Specification"/>
    <property name="java.awt.printerjob" value="sun.awt.windows.WPrinterJob"/>
    <property name="sun.os.patch.level" value=""/>
    <property name="java.library.path" value="G:\Program Files (x86)\JDK\jdk11.0.6_10\bin;C:\WINDOWS\Sun\Java\bin;C:\WINDOWS\system32;C:\WINDOWS;G:\Program Files (x86)\JDK\jdk11.0.6_10\bin;C:\Program Files (x86)\Common Files\Oracle\Java\javapath;C:\SQLite;C:\WINDOWS\system32;C:\WINDOWS;C:\WINDOWS\System32\Wbem;C:\WINDOWS\System32\WindowsPowerShell\v1.0\;C:\WINDOWS\System32\OpenSSH\;C:\Program Files\Git\cmd;C:\Program Files\Git\bin;C:\Program Files\SourceGear\Common\DiffMerge\;C:\Users\Denis\Desktop\Java\Maven\apache-maven-3.6.3\bin;C:\Program Files\NVIDIA Corporation\NVIDIA NvDLISR;C:\Program Files (x86)\NVIDIA Corporation\PhysX\Common;C:\WINDOWS\system32;C:\WINDOWS;C:\WINDOWS\System32\Wbem;C:\WINDOWS\System32\WindowsPowerShell\v1.0\;C:\WINDOWS\System32\OpenSSH\;C:\Program Files\nodejs\;G:\Program Files (x86)\JDK\jdk11.0.6_10\bin;C:\Users\Denis\AppData\Local\Android\Sdk\platform-tools;C:\Users\Denis\AppData\Local\Android\Sdk\tools;C:\Users\Denis\AppData\Local\Android\Sdk\build-tools;C:\Users\Denis\Desktop\Java\Maven\apache-maven-3.6.3;C:\Program Files\Android\Android Studio\bin;C:\Users\Denis\AppData\Local\Microsoft\WindowsApps;C:\Users\Denis\AppData\Local\GitHubDesktop\bin;C:\Users\Denis\AppData\Local\Microsoft\WindowsApps;C:\Users\Denis\AppData\Roaming\npm;C:\Users\Denis\AppData\Local\Programs\Microsoft VS Code\bin;."/>
    <property name="java.vendor" value="Amazon.com Inc."/>
    <property name="java.vm.info" value="mixed mode"/>
    <property name="java.vm.version" value="11.0.6+10-LTS"/>
    <property name="sun.io.unicode.encoding" value="UnicodeLittle"/>
    <property name="java.class.version" value="55.0"/>
  </properties>
  <testcase name="closePrivacyPopUp" classname="org.example.MainScreenTest" time="19.489">
    <failure message="Element not found {By.xpath: /hierarchy/android.widget.FrameLayout/android.widget.LinearLayout}&#10;Expected: be visible&#10;Screenshot: file:/C:/Users/Denis/Desktop/Java/Java%20projects/AppiumAndroidTesting/build/reports/tests/1609094297285.0.png&#10;Page source: file:/C:/Users/Denis/Desktop/Java/Java%20projects/AppiumAndroidTesting/build/reports/tests/1609094297285.0.html&#10;Timeout: 4 s.&#10;Caused by: NoSuchElementException: An element could not be located on the page using the given search parameters." type="com.codeborne.selenide.ex.ElementNotFound">com.codeborne.selenide.ex.ElementNotFound: 
Element not found {By.xpath: /hierarchy/android.widget.FrameLayout/android.widget.LinearLayout}
Expected: be visible
Screenshot: file:/C:/Users/Denis/Desktop/Java/Java%20projects/AppiumAndroidTesting/build/reports/tests/1609094297285.0.png
Page source: file:/C:/Users/Denis/Desktop/Java/Java%20projects/AppiumAndroidTesting/build/reports/tests/1609094297285.0.html
Timeout: 4 s.
Caused by: NoSuchElementException: An element could not be located on the page using the given search parameters.
Caused by: org.openqa.selenium.NoSuchElementException: 
An element could not be located on the page using the given search parameters.
For documentation on this error, please visit: https://www.seleniumhq.org/exceptions/no_such_element.html
Build info: version: '3.141.59', revision: 'e82be7d358', time: '2018-11-14T08:17:03'
System info: host: 'DESKTOP-JEUNI11', ip: '192.168.0.101', os.name: 'Windows 10', os.arch: 'amd64', os.version: '10.0', java.version: '11.0.6'
Driver info: io.appium.java_client.android.AndroidDriver
Capabilities {app: D:\calculator.apk, appPackage: com.miui.calculator, automationName: Appium, databaseEnabled: false, desired: {app: D:\calculator.apk, automationName: Appium, deviceName: Android Emulator, platformName: android, platformVersion: 11.0}, deviceApiLevel: 30, deviceManufacturer: Google, deviceModel: sdk_gphone_x86_arm, deviceName: emulator-5554, deviceScreenDensity: 560, deviceScreenSize: 1440x3040, deviceUDID: emulator-5554, javascriptEnabled: true, locationContextEnabled: false, networkConnectionEnabled: true, pixelRatio: 3.5, platform: LINUX, platformName: Android, platformVersion: 11, statBarHeight: 172, takesScreenshot: true, viewportRect: {height: 2529, left: 0, top: 172, width: 1440}, warnings: {}, webStorageEnabled: false}
Session ID: 0429bcd8-2255-40b9-ba16-31a6024c1b1b
*** Element info: {Using=xpath, value=/hierarchy/android.widget.FrameLayout/android.widget.LinearLayout}
</failure>
    <system-err><![CDATA[дек. 27, 2020 8:38:06 PM io.appium.java_client.remote.AppiumCommandExecutor$1 lambda$0
INFO: Detected dialect: W3C
SLF4J: Failed to load class "org.slf4j.impl.StaticLoggerBinder".
SLF4J: Defaulting to no-operation (NOP) logger implementation
SLF4J: See http://www.slf4j.org/codes.html#StaticLoggerBinder for further details.
]]></system-err>
  </testcase>
  <testcase name="closePrivacyPopUp" classname="org.example.MainScreenTest" time="0">
    <skipped/>
  </testcase>
  <testcase name="verifyOfSumming" classname="org.example.MainScreenTest" time="0">
    <skipped message="Element not found {By.xpath: /hierarchy/android.widget.FrameLayout/android.widget.LinearLayout}&#10;Expected: be visible&#10;Screenshot: file:/C:/Users/Denis/Desktop/Java/Java%20projects/AppiumAndroidTesting/build/reports/tests/1609094297285.0.png&#10;Page source: file:/C:/Users/Denis/Desktop/Java/Java%20projects/AppiumAndroidTesting/build/reports/tests/1609094297285.0.html&#10;Timeout: 4 s.&#10;Caused by: NoSuchElementException: An element could not be located on the page using the given search parameters."/>
  </testcase>
  <testcase name="closeWebDriver" classname="org.example.MainScreenTest" time="0">
    <skipped/>
  </testcase>
  <testcase name="closeWebDriver" classname="org.example.MainScreenTest" time="0">
    <skipped/>
  </testcase>
  <testcase name="verifyTopNavigation" classname="org.example.MainScreenTest" time="0">
    <skipped message="Element not found {By.xpath: /hierarchy/android.widget.FrameLayout/android.widget.LinearLayout}&#10;Expected: be visible&#10;Screenshot: file:/C:/Users/Denis/Desktop/Java/Java%20projects/AppiumAndroidTesting/build/reports/tests/1609094297285.0.png&#10;Page source: file:/C:/Users/Denis/Desktop/Java/Java%20projects/AppiumAndroidTesting/build/reports/tests/1609094297285.0.html&#10;Timeout: 4 s.&#10;Caused by: NoSuchElementException: An element could not be located on the page using the given search parameters."/>
  </testcase>
</testsuite>