<?xml version="1.0" encoding="UTF-8"?>
<!-- Generated by org.testng.reporters.JUnitReportReporter -->
<testsuite skipped="0" hostname="User-pk" name="org.example.MainScreenTest" tests="3" failures="0" timestamp="2020-12-29T13:21:33 EET" time="118.814" errors="0">
  <testcase name="verifyOfSumming" time="37.076" classname="org.example.MainScreenTest"/>
  <system-out/>
  <testcase name="verifyOfSubtracting" time="36.492" classname="org.example.MainScreenTest"/>
  <system-out/>
  <testcase name="verifyTopNavigation" time="45.246" classname="org.example.MainScreenTest"/>
  <system-out/>
</testsuite> <!-- org.example.MainScreenTest -->
