<?xml version="1.0" encoding="UTF-8"?>
<!-- Generated by org.testng.reporters.JUnitReportReporter -->
<testsuite skipped="0" hostname="User-pk" name="org.example.MainScreenTest" tests="3" failures="0" timestamp="2020-12-30T13:17:52 EET" time="123.920" errors="0">
  <testcase name="verifyOfSubtracting" time="43.268" classname="org.example.MainScreenTest"/>
  <system-out/>
  <testcase name="verifyTopNavigation" time="39.160" classname="org.example.MainScreenTest"/>
  <system-out/>
  <testcase name="verifyOfSumming" time="41.492" classname="org.example.MainScreenTest"/>
  <system-out/>
</testsuite> <!-- org.example.MainScreenTest -->
